{"G:\\ProjectWeb\\task-manager\\server\\server.js": {"path":"G:\\ProjectWeb\\task-manager\\server\\server.js","statementMap":{"0":{"start":{"line":1,"column":16},"end":{"line":1,"column":34}},"1":{"start":{"line":2,"column":0},"end":{"line":2,"column":27}},"2":{"start":{"line":3,"column":11},"end":{"line":3,"column":36}},"3":{"start":{"line":4,"column":15},"end":{"line":4,"column":40}},"4":{"start":{"line":5,"column":13},"end":{"line":5,"column":28}},"5":{"start":{"line":6,"column":19},"end":{"line":6,"column":37}},"6":{"start":{"line":7,"column":17},"end":{"line":7,"column":36}},"7":{"start":{"line":8,"column":0},"end":{"line":8,"column":29}},"8":{"start":{"line":9,"column":13},"end":{"line":9,"column":29}},"9":{"start":{"line":12,"column":12},"end":{"line":12,"column":21}},"10":{"start":{"line":13,"column":0},"end":{"line":13,"column":31}},"11":{"start":{"line":14,"column":0},"end":{"line":14,"column":35}},"12":{"start":{"line":15,"column":0},"end":{"line":15,"column":24}},"13":{"start":{"line":16,"column":0},"end":{"line":16,"column":51}},"14":{"start":{"line":17,"column":0},"end":{"line":17,"column":16}},"15":{"start":{"line":19,"column":0},"end":{"line":19,"column":21}},"16":{"start":{"line":21,"column":0},"end":{"line":24,"column":35}},"17":{"start":{"line":22,"column":8},"end":{"line":22,"column":25}},"18":{"start":{"line":24,"column":18},"end":{"line":24,"column":34}},"19":{"start":{"line":26,"column":0},"end":{"line":26,"column":20}}},"fnMap":{"0":{"name":"(anonymous_0)","decl":{"start":{"line":21,"column":38},"end":{"line":21,"column":39}},"loc":{"start":{"line":21,"column":42},"end":{"line":23,"column":5}},"line":21},"1":{"name":"(anonymous_1)","decl":{"start":{"line":24,"column":11},"end":{"line":24,"column":12}},"loc":{"start":{"line":24,"column":18},"end":{"line":24,"column":34}},"line":24}},"branchMap":{},"s":{"0":8,"1":8,"2":8,"3":8,"4":8,"5":8,"6":8,"7":8,"8":8,"9":8,"10":8,"11":8,"12":8,"13":8,"14":8,"15":8,"16":8,"17":1,"18":0,"19":8},"f":{"0":1,"1":0},"b":{},"_coverageSchema":"1a1c01bbd47fc00a2c39e90264f33305004495a9","hash":"56c43b1ea60d4d1834d9e421d3ef7f3fb59b6c9e"}
,"G:\\ProjectWeb\\task-manager\\server\\config\\db.js": {"path":"G:\\ProjectWeb\\task-manager\\server\\config\\db.js","statementMap":{"0":{"start":{"line":1,"column":31},"end":{"line":1,"column":51}},"1":{"start":{"line":3,"column":18},"end":{"line":7,"column":6}},"2":{"start":{"line":9,"column":11},"end":{"line":9,"column":13}},"3":{"start":{"line":11,"column":0},"end":{"line":11,"column":58}},"4":{"start":{"line":12,"column":0},"end":{"line":12,"column":60}},"5":{"start":{"line":13,"column":0},"end":{"line":13,"column":59}},"6":{"start":{"line":14,"column":0},"end":{"line":14,"column":72}},"7":{"start":{"line":15,"column":0},"end":{"line":15,"column":58}},"8":{"start":{"line":16,"column":0},"end":{"line":16,"column":58}},"9":{"start":{"line":17,"column":0},"end":{"line":17,"column":78}},"10":{"start":{"line":18,"column":0},"end":{"line":18,"column":66}},"11":{"start":{"line":21,"column":0},"end":{"line":21,"column":51}},"12":{"start":{"line":22,"column":0},"end":{"line":22,"column":53}},"13":{"start":{"line":25,"column":0},"end":{"line":25,"column":50}},"14":{"start":{"line":26,"column":0},"end":{"line":26,"column":52}},"15":{"start":{"line":29,"column":0},"end":{"line":29,"column":51}},"16":{"start":{"line":30,"column":0},"end":{"line":30,"column":53}},"17":{"start":{"line":33,"column":0},"end":{"line":33,"column":52}},"18":{"start":{"line":34,"column":0},"end":{"line":34,"column":54}},"19":{"start":{"line":35,"column":0},"end":{"line":35,"column":50}},"20":{"start":{"line":36,"column":0},"end":{"line":36,"column":52}},"21":{"start":{"line":37,"column":0},"end":{"line":37,"column":51}},"22":{"start":{"line":38,"column":0},"end":{"line":38,"column":53}},"23":{"start":{"line":42,"column":0},"end":{"line":42,"column":53}},"24":{"start":{"line":43,"column":0},"end":{"line":43,"column":55}},"25":{"start":{"line":46,"column":0},"end":{"line":46,"column":82}},"26":{"start":{"line":47,"column":0},"end":{"line":47,"column":81}},"27":{"start":{"line":49,"column":0},"end":{"line":49,"column":63}},"28":{"start":{"line":50,"column":0},"end":{"line":50,"column":61}},"29":{"start":{"line":53,"column":0},"end":{"line":53,"column":61}},"30":{"start":{"line":54,"column":0},"end":{"line":54,"column":59}},"31":{"start":{"line":57,"column":0},"end":{"line":57,"column":83}},"32":{"start":{"line":58,"column":0},"end":{"line":58,"column":83}},"33":{"start":{"line":61,"column":0},"end":{"line":61,"column":64}},"34":{"start":{"line":62,"column":0},"end":{"line":62,"column":62}},"35":{"start":{"line":65,"column":0},"end":{"line":65,"column":64}},"36":{"start":{"line":66,"column":0},"end":{"line":66,"column":62}},"37":{"start":{"line":68,"column":0},"end":{"line":68,"column":25}},"38":{"start":{"line":69,"column":0},"end":{"line":69,"column":25}},"39":{"start":{"line":76,"column":0},"end":{"line":76,"column":20}}},"fnMap":{},"branchMap":{},"s":{"0":8,"1":8,"2":8,"3":8,"4":8,"5":8,"6":8,"7":8,"8":8,"9":8,"10":8,"11":8,"12":8,"13":8,"14":8,"15":8,"16":8,"17":8,"18":8,"19":8,"20":8,"21":8,"22":8,"23":8,"24":8,"25":8,"26":8,"27":8,"28":8,"29":8,"30":8,"31":8,"32":8,"33":8,"34":8,"35":8,"36":8,"37":8,"38":8,"39":8},"f":{},"b":{},"_coverageSchema":"1a1c01bbd47fc00a2c39e90264f33305004495a9","hash":"acbfc3bd45f0b122a4ae2b8bcf77f48d759e8173"}
,"G:\\ProjectWeb\\task-manager\\server\\config\\passport.js": {"path":"G:\\ProjectWeb\\task-manager\\server\\config\\passport.js","statementMap":{"0":{"start":{"line":1,"column":46},"end":{"line":1,"column":69}},"1":{"start":{"line":2,"column":17},"end":{"line":2,"column":36}},"2":{"start":{"line":3,"column":11},"end":{"line":3,"column":26}},"3":{"start":{"line":6,"column":13},"end":{"line":9,"column":1}},"4":{"start":{"line":11,"column":0},"end":{"line":20,"column":2}},"5":{"start":{"line":13,"column":8},"end":{"line":18,"column":9}},"6":{"start":{"line":14,"column":25},"end":{"line":14,"column":53}},"7":{"start":{"line":15,"column":12},"end":{"line":15,"column":46}},"8":{"start":{"line":15,"column":22},"end":{"line":15,"column":46}},"9":{"start":{"line":17,"column":12},"end":{"line":17,"column":31}}},"fnMap":{"0":{"name":"(anonymous_0)","decl":{"start":{"line":12,"column":26},"end":{"line":12,"column":27}},"loc":{"start":{"line":12,"column":51},"end":{"line":19,"column":5}},"line":12}},"branchMap":{"0":{"loc":{"start":{"line":15,"column":12},"end":{"line":15,"column":46}},"type":"if","locations":[{"start":{"line":15,"column":12},"end":{"line":15,"column":46}},{"start":{},"end":{}}],"line":15}},"s":{"0":8,"1":8,"2":8,"3":8,"4":8,"5":43,"6":43,"7":43,"8":43,"9":0},"f":{"0":43},"b":{"0":[43,0]},"_coverageSchema":"1a1c01bbd47fc00a2c39e90264f33305004495a9","hash":"6aa18f113a06fb9821b96dc9b220ba984f5e29c9"}
,"G:\\ProjectWeb\\task-manager\\server\\controllers\\AssignmentController.js": {"path":"G:\\ProjectWeb\\task-manager\\server\\controllers\\AssignmentController.js","statementMap":{"0":{"start":{"line":1,"column":11},"end":{"line":1,"column":34}},"1":{"start":{"line":5,"column":35},"end":{"line":5,"column":43}},"2":{"start":{"line":6,"column":8},"end":{"line":11,"column":63}},"3":{"start":{"line":7,"column":12},"end":{"line":10,"column":82}},"4":{"start":{"line":8,"column":16},"end":{"line":8,"column":67}},"5":{"start":{"line":9,"column":16},"end":{"line":9,"column":79}},"6":{"start":{"line":10,"column":27},"end":{"line":10,"column":81}},"7":{"start":{"line":11,"column":15},"end":{"line":11,"column":63}},"8":{"start":{"line":15,"column":32},"end":{"line":15,"column":40}},"9":{"start":{"line":16,"column":8},"end":{"line":21,"column":63}},"10":{"start":{"line":17,"column":12},"end":{"line":20,"column":82}},"11":{"start":{"line":18,"column":16},"end":{"line":18,"column":87}},"12":{"start":{"line":19,"column":16},"end":{"line":19,"column":80}},"13":{"start":{"line":20,"column":27},"end":{"line":20,"column":81}},"14":{"start":{"line":21,"column":15},"end":{"line":21,"column":63}},"15":{"start":{"line":24,"column":0},"end":{"line":24,"column":38}}},"fnMap":{"0":{"name":"(anonymous_0)","decl":{"start":{"line":4,"column":4},"end":{"line":4,"column":5}},"loc":{"start":{"line":4,"column":41},"end":{"line":12,"column":5}},"line":4},"1":{"name":"(anonymous_1)","decl":{"start":{"line":14,"column":4},"end":{"line":14,"column":5}},"loc":{"start":{"line":14,"column":47},"end":{"line":22,"column":5}},"line":14}},"branchMap":{"0":{"loc":{"start":{"line":6,"column":8},"end":{"line":11,"column":63}},"type":"if","locations":[{"start":{"line":6,"column":8},"end":{"line":11,"column":63}},{"start":{"line":11,"column":15},"end":{"line":11,"column":63}}],"line":6},"1":{"loc":{"start":{"line":6,"column":12},"end":{"line":6,"column":30}},"type":"binary-expr","locations":[{"start":{"line":6,"column":12},"end":{"line":6,"column":19}},{"start":{"line":6,"column":23},"end":{"line":6,"column":30}}],"line":6},"2":{"loc":{"start":{"line":16,"column":8},"end":{"line":21,"column":63}},"type":"if","locations":[{"start":{"line":16,"column":8},"end":{"line":21,"column":63}},{"start":{"line":21,"column":15},"end":{"line":21,"column":63}}],"line":16}},"s":{"0":8,"1":2,"2":2,"3":1,"4":1,"5":1,"6":0,"7":1,"8":2,"9":2,"10":1,"11":1,"12":1,"13":0,"14":1,"15":8},"f":{"0":2,"1":2},"b":{"0":[1,1],"1":[2,1],"2":[1,1]},"_coverageSchema":"1a1c01bbd47fc00a2c39e90264f33305004495a9","hash":"097c76f87dd7f3d580352bc09bc3c3c4df8f43e7"}
,"G:\\ProjectWeb\\task-manager\\server\\controllers\\AuthController.js": {"path":"G:\\ProjectWeb\\task-manager\\server\\controllers\\AuthController.js","statementMap":{"0":{"start":{"line":1,"column":15},"end":{"line":1,"column":34}},"1":{"start":{"line":2,"column":12},"end":{"line":2,"column":35}},"2":{"start":{"line":3,"column":13},"end":{"line":3,"column":28}},"3":{"start":{"line":4,"column":11},"end":{"line":4,"column":34}},"4":{"start":{"line":5,"column":19},"end":{"line":5,"column":41}},"5":{"start":{"line":9,"column":69},"end":{"line":9,"column":77}},"6":{"start":{"line":10,"column":8},"end":{"line":27,"column":78}},"7":{"start":{"line":11,"column":12},"end":{"line":13,"column":13}},"8":{"start":{"line":12,"column":16},"end":{"line":12,"column":79}},"9":{"start":{"line":15,"column":12},"end":{"line":17,"column":13}},"10":{"start":{"line":16,"column":16},"end":{"line":16,"column":84}},"11":{"start":{"line":19,"column":32},"end":{"line":21,"column":14}},"12":{"start":{"line":22,"column":12},"end":{"line":22,"column":108}},"13":{"start":{"line":22,"column":30},"end":{"line":22,"column":108}},"14":{"start":{"line":24,"column":12},"end":{"line":25,"column":91}},"15":{"start":{"line":26,"column":12},"end":{"line":26,"column":71}},"16":{"start":{"line":27,"column":23},"end":{"line":27,"column":77}},"17":{"start":{"line":31,"column":35},"end":{"line":31,"column":43}},"18":{"start":{"line":32,"column":8},"end":{"line":51,"column":78}},"19":{"start":{"line":33,"column":25},"end":{"line":33,"column":71}},"20":{"start":{"line":34,"column":12},"end":{"line":36,"column":13}},"21":{"start":{"line":35,"column":16},"end":{"line":35,"column":87}},"22":{"start":{"line":38,"column":36},"end":{"line":38,"column":84}},"23":{"start":{"line":39,"column":12},"end":{"line":41,"column":13}},"24":{"start":{"line":40,"column":16},"end":{"line":40,"column":99}},"25":{"start":{"line":43,"column":32},"end":{"line":46,"column":36}},"26":{"start":{"line":48,"column":12},"end":{"line":48,"column":112}},"27":{"start":{"line":48,"column":30},"end":{"line":48,"column":112}},"28":{"start":{"line":50,"column":12},"end":{"line":50,"column":111}},"29":{"start":{"line":51,"column":23},"end":{"line":51,"column":77}},"30":{"start":{"line":55,"column":0},"end":{"line":55,"column":31}}},"fnMap":{"0":{"name":"(anonymous_0)","decl":{"start":{"line":8,"column":4},"end":{"line":8,"column":5}},"loc":{"start":{"line":8,"column":39},"end":{"line":28,"column":5}},"line":8},"1":{"name":"(anonymous_1)","decl":{"start":{"line":30,"column":4},"end":{"line":30,"column":5}},"loc":{"start":{"line":30,"column":36},"end":{"line":52,"column":5}},"line":30}},"branchMap":{"0":{"loc":{"start":{"line":11,"column":12},"end":{"line":13,"column":13}},"type":"if","locations":[{"start":{"line":11,"column":12},"end":{"line":13,"column":13}},{"start":{},"end":{}}],"line":11},"1":{"loc":{"start":{"line":11,"column":15},"end":{"line":11,"column":47}},"type":"binary-expr","locations":[{"start":{"line":11,"column":15},"end":{"line":11,"column":21}},{"start":{"line":11,"column":25},"end":{"line":11,"column":34}},{"start":{"line":11,"column":38},"end":{"line":11,"column":47}}],"line":11},"2":{"loc":{"start":{"line":15,"column":12},"end":{"line":17,"column":13}},"type":"if","locations":[{"start":{"line":15,"column":12},"end":{"line":17,"column":13}},{"start":{},"end":{}}],"line":15},"3":{"loc":{"start":{"line":22,"column":12},"end":{"line":22,"column":108}},"type":"if","locations":[{"start":{"line":22,"column":12},"end":{"line":22,"column":108}},{"start":{},"end":{}}],"line":22},"4":{"loc":{"start":{"line":34,"column":12},"end":{"line":36,"column":13}},"type":"if","locations":[{"start":{"line":34,"column":12},"end":{"line":36,"column":13}},{"start":{},"end":{}}],"line":34},"5":{"loc":{"start":{"line":39,"column":12},"end":{"line":41,"column":13}},"type":"if","locations":[{"start":{"line":39,"column":12},"end":{"line":41,"column":13}},{"start":{},"end":{}}],"line":39},"6":{"loc":{"start":{"line":48,"column":12},"end":{"line":48,"column":112}},"type":"if","locations":[{"start":{"line":48,"column":12},"end":{"line":48,"column":112}},{"start":{},"end":{}}],"line":48}},"s":{"0":8,"1":8,"2":8,"3":8,"4":8,"5":4,"6":4,"7":4,"8":1,"9":3,"10":1,"11":2,"12":2,"13":1,"14":1,"15":1,"16":0,"17":5,"18":5,"19":5,"20":5,"21":1,"22":4,"23":3,"24":1,"25":2,"26":2,"27":0,"28":2,"29":1,"30":8},"f":{"0":4,"1":5},"b":{"0":[1,3],"1":[4,3,3],"2":[1,2],"3":[1,1],"4":[1,4],"5":[1,2],"6":[0,2]},"_coverageSchema":"1a1c01bbd47fc00a2c39e90264f33305004495a9","hash":"1985bee1ff3a38e4082779a5cfdfe811dd58ad9c"}
,"G:\\ProjectWeb\\task-manager\\server\\controllers\\BoardController.js": {"path":"G:\\ProjectWeb\\task-manager\\server\\controllers\\BoardController.js","statementMap":{"0":{"start":{"line":1,"column":23},"end":{"line":1,"column":38}},"1":{"start":{"line":2,"column":11},"end":{"line":2,"column":34}},"2":{"start":{"line":6,"column":22},"end":{"line":6,"column":37}},"3":{"start":{"line":7,"column":21},"end":{"line":9,"column":34}},"4":{"start":{"line":10,"column":8},"end":{"line":18,"column":9}},"5":{"start":{"line":11,"column":26},"end":{"line":14,"column":14}},"6":{"start":{"line":15,"column":12},"end":{"line":15,"column":78}},"7":{"start":{"line":15,"column":24},"end":{"line":15,"column":78}},"8":{"start":{"line":17,"column":12},"end":{"line":17,"column":63}},"9":{"start":{"line":22,"column":48},"end":{"line":22,"column":56}},"10":{"start":{"line":23,"column":8},"end":{"line":23,"column":77}},"11":{"start":{"line":23,"column":22},"end":{"line":23,"column":77}},"12":{"start":{"line":24,"column":21},"end":{"line":27,"column":10}},"13":{"start":{"line":28,"column":8},"end":{"line":37,"column":9}},"14":{"start":{"line":29,"column":16},"end":{"line":29,"column":84}},"15":{"start":{"line":30,"column":16},"end":{"line":33,"column":18}},"16":{"start":{"line":34,"column":16},"end":{"line":34,"column":69}},"17":{"start":{"line":36,"column":12},"end":{"line":36,"column":63}},"18":{"start":{"line":41,"column":39},"end":{"line":41,"column":47}},"19":{"start":{"line":42,"column":8},"end":{"line":42,"column":70}},"20":{"start":{"line":42,"column":22},"end":{"line":42,"column":70}},"21":{"start":{"line":43,"column":8},"end":{"line":48,"column":78}},"22":{"start":{"line":44,"column":12},"end":{"line":46,"column":14}},"23":{"start":{"line":47,"column":12},"end":{"line":47,"column":66}},"24":{"start":{"line":48,"column":23},"end":{"line":48,"column":77}},"25":{"start":{"line":52,"column":25},"end":{"line":52,"column":43}},"26":{"start":{"line":53,"column":8},"end":{"line":61,"column":75}},"27":{"start":{"line":54,"column":12},"end":{"line":56,"column":14}},"28":{"start":{"line":57,"column":12},"end":{"line":59,"column":14}},"29":{"start":{"line":60,"column":12},"end":{"line":60,"column":66}},"30":{"start":{"line":61,"column":23},"end":{"line":61,"column":74}},"31":{"start":{"line":65,"column":0},"end":{"line":65,"column":33}}},"fnMap":{"0":{"name":"(anonymous_0)","decl":{"start":{"line":5,"column":4},"end":{"line":5,"column":5}},"loc":{"start":{"line":5,"column":43},"end":{"line":19,"column":5}},"line":5},"1":{"name":"(anonymous_1)","decl":{"start":{"line":21,"column":4},"end":{"line":21,"column":5}},"loc":{"start":{"line":21,"column":35},"end":{"line":38,"column":5}},"line":21},"2":{"name":"(anonymous_2)","decl":{"start":{"line":40,"column":4},"end":{"line":40,"column":5}},"loc":{"start":{"line":40,"column":42},"end":{"line":49,"column":5}},"line":40},"3":{"name":"(anonymous_3)","decl":{"start":{"line":51,"column":4},"end":{"line":51,"column":5}},"loc":{"start":{"line":51,"column":38},"end":{"line":62,"column":5}},"line":51}},"branchMap":{"0":{"loc":{"start":{"line":10,"column":8},"end":{"line":18,"column":9}},"type":"if","locations":[{"start":{"line":10,"column":8},"end":{"line":18,"column":9}},{"start":{"line":16,"column":15},"end":{"line":18,"column":9}}],"line":10},"1":{"loc":{"start":{"line":15,"column":12},"end":{"line":15,"column":78}},"type":"if","locations":[{"start":{"line":15,"column":12},"end":{"line":15,"column":78}},{"start":{},"end":{}}],"line":15},"2":{"loc":{"start":{"line":23,"column":8},"end":{"line":23,"column":77}},"type":"if","locations":[{"start":{"line":23,"column":8},"end":{"line":23,"column":77}},{"start":{},"end":{}}],"line":23},"3":{"loc":{"start":{"line":28,"column":8},"end":{"line":37,"column":9}},"type":"if","locations":[{"start":{"line":28,"column":8},"end":{"line":37,"column":9}},{"start":{"line":35,"column":15},"end":{"line":37,"column":9}}],"line":28},"4":{"loc":{"start":{"line":42,"column":8},"end":{"line":42,"column":70}},"type":"if","locations":[{"start":{"line":42,"column":8},"end":{"line":42,"column":70}},{"start":{},"end":{}}],"line":42}},"s":{"0":8,"1":8,"2":2,"3":2,"4":2,"5":1,"6":1,"7":1,"8":1,"9":3,"10":3,"11":1,"12":2,"13":2,"14":1,"15":1,"16":1,"17":1,"18":3,"19":3,"20":1,"21":3,"22":3,"23":2,"24":2,"25":2,"26":2,"27":2,"28":2,"29":2,"30":0,"31":8},"f":{"0":2,"1":3,"2":3,"3":2},"b":{"0":[1,1],"1":[1,0],"2":[1,2],"3":[1,1],"4":[1,2]},"_coverageSchema":"1a1c01bbd47fc00a2c39e90264f33305004495a9","hash":"7407bef6cbe26d79d779e3ead47fa1a33e3a1758"}
,"G:\\ProjectWeb\\task-manager\\server\\controllers\\FilesTaskController.js": {"path":"G:\\ProjectWeb\\task-manager\\server\\controllers\\FilesTaskController.js","statementMap":{"0":{"start":{"line":1,"column":13},"end":{"line":1,"column":28}},"1":{"start":{"line":2,"column":11},"end":{"line":2,"column":24}},"2":{"start":{"line":3,"column":23},"end":{"line":3,"column":38}},"3":{"start":{"line":4,"column":11},"end":{"line":4,"column":34}},"4":{"start":{"line":8,"column":45},"end":{"line":8,"column":53}},"5":{"start":{"line":10,"column":8},"end":{"line":12,"column":9}},"6":{"start":{"line":11,"column":12},"end":{"line":11,"column":65}},"7":{"start":{"line":13,"column":8},"end":{"line":16,"column":78}},"8":{"start":{"line":14,"column":12},"end":{"line":14,"column":96}},"9":{"start":{"line":15,"column":12},"end":{"line":15,"column":75}},"10":{"start":{"line":16,"column":23},"end":{"line":16,"column":77}},"11":{"start":{"line":20,"column":24},"end":{"line":20,"column":46}},"12":{"start":{"line":21,"column":26},"end":{"line":21,"column":61}},"13":{"start":{"line":22,"column":22},"end":{"line":22,"column":71}},"14":{"start":{"line":23,"column":8},"end":{"line":27,"column":9}},"15":{"start":{"line":24,"column":12},"end":{"line":24,"column":61}},"16":{"start":{"line":26,"column":12},"end":{"line":26,"column":61}},"17":{"start":{"line":31,"column":24},"end":{"line":31,"column":41}},"18":{"start":{"line":32,"column":8},"end":{"line":32,"column":78}},"19":{"start":{"line":32,"column":21},"end":{"line":32,"column":78}},"20":{"start":{"line":33,"column":9},"end":{"line":39,"column":78}},"21":{"start":{"line":34,"column":24},"end":{"line":37,"column":13}},"22":{"start":{"line":38,"column":12},"end":{"line":38,"column":54}},"23":{"start":{"line":39,"column":23},"end":{"line":39,"column":77}},"24":{"start":{"line":43,"column":46},"end":{"line":43,"column":54}},"25":{"start":{"line":44,"column":8},"end":{"line":48,"column":47}},"26":{"start":{"line":48,"column":29},"end":{"line":48,"column":45}},"27":{"start":{"line":50,"column":22},"end":{"line":50,"column":77}},"28":{"start":{"line":51,"column":8},"end":{"line":54,"column":40}},"29":{"start":{"line":52,"column":12},"end":{"line":52,"column":33}},"30":{"start":{"line":53,"column":12},"end":{"line":53,"column":40}},"31":{"start":{"line":54,"column":23},"end":{"line":54,"column":39}},"32":{"start":{"line":59,"column":0},"end":{"line":59,"column":37}}},"fnMap":{"0":{"name":"(anonymous_0)","decl":{"start":{"line":7,"column":4},"end":{"line":7,"column":5}},"loc":{"start":{"line":7,"column":37},"end":{"line":17,"column":5}},"line":7},"1":{"name":"(anonymous_1)","decl":{"start":{"line":19,"column":4},"end":{"line":19,"column":5}},"loc":{"start":{"line":19,"column":39},"end":{"line":28,"column":5}},"line":19},"2":{"name":"(anonymous_2)","decl":{"start":{"line":30,"column":4},"end":{"line":30,"column":5}},"loc":{"start":{"line":30,"column":46},"end":{"line":40,"column":5}},"line":30},"3":{"name":"(anonymous_3)","decl":{"start":{"line":42,"column":4},"end":{"line":42,"column":5}},"loc":{"start":{"line":42,"column":37},"end":{"line":55,"column":5}},"line":42},"4":{"name":"(anonymous_4)","decl":{"start":{"line":48,"column":19},"end":{"line":48,"column":20}},"loc":{"start":{"line":48,"column":28},"end":{"line":48,"column":46}},"line":48}},"branchMap":{"0":{"loc":{"start":{"line":10,"column":8},"end":{"line":12,"column":9}},"type":"if","locations":[{"start":{"line":10,"column":8},"end":{"line":12,"column":9}},{"start":{},"end":{}}],"line":10},"1":{"loc":{"start":{"line":32,"column":8},"end":{"line":32,"column":78}},"type":"if","locations":[{"start":{"line":32,"column":8},"end":{"line":32,"column":78}},{"start":{},"end":{}}],"line":32}},"s":{"0":8,"1":8,"2":8,"3":8,"4":2,"5":2,"6":1,"7":1,"8":1,"9":1,"10":0,"11":1,"12":1,"13":1,"14":1,"15":1,"16":0,"17":2,"18":2,"19":1,"20":1,"21":1,"22":1,"23":0,"24":1,"25":1,"26":0,"27":0,"28":0,"29":0,"30":0,"31":0,"32":8},"f":{"0":2,"1":1,"2":2,"3":1,"4":0},"b":{"0":[1,1],"1":[1,1]},"_coverageSchema":"1a1c01bbd47fc00a2c39e90264f33305004495a9","hash":"a76c7b344e86787addb93aa2ccda95b94f47114e"}
,"G:\\ProjectWeb\\task-manager\\server\\controllers\\ListController.js": {"path":"G:\\ProjectWeb\\task-manager\\server\\controllers\\ListController.js","statementMap":{"0":{"start":{"line":1,"column":11},"end":{"line":1,"column":34}},"1":{"start":{"line":4,"column":46},"end":{"line":4,"column":54}},"2":{"start":{"line":5,"column":8},"end":{"line":7,"column":47}},"3":{"start":{"line":7,"column":29},"end":{"line":7,"column":45}},"4":{"start":{"line":11,"column":37},"end":{"line":11,"column":45}},"5":{"start":{"line":12,"column":8},"end":{"line":18,"column":65}},"6":{"start":{"line":13,"column":12},"end":{"line":17,"column":43}},"7":{"start":{"line":14,"column":16},"end":{"line":15,"column":48}},"8":{"start":{"line":16,"column":16},"end":{"line":16,"column":76}},"9":{"start":{"line":17,"column":26},"end":{"line":17,"column":42}},"10":{"start":{"line":18,"column":15},"end":{"line":18,"column":65}},"11":{"start":{"line":22,"column":26},"end":{"line":22,"column":34}},"12":{"start":{"line":23,"column":8},"end":{"line":29,"column":65}},"13":{"start":{"line":24,"column":12},"end":{"line":28,"column":43}},"14":{"start":{"line":25,"column":16},"end":{"line":26,"column":46}},"15":{"start":{"line":27,"column":16},"end":{"line":27,"column":68}},"16":{"start":{"line":28,"column":26},"end":{"line":28,"column":42}},"17":{"start":{"line":29,"column":15},"end":{"line":29,"column":65}},"18":{"start":{"line":32,"column":0},"end":{"line":32,"column":32}}},"fnMap":{"0":{"name":"(anonymous_0)","decl":{"start":{"line":3,"column":4},"end":{"line":3,"column":5}},"loc":{"start":{"line":3,"column":38},"end":{"line":8,"column":5}},"line":3},"1":{"name":"(anonymous_1)","decl":{"start":{"line":7,"column":19},"end":{"line":7,"column":20}},"loc":{"start":{"line":7,"column":28},"end":{"line":7,"column":46}},"line":7},"2":{"name":"(anonymous_2)","decl":{"start":{"line":10,"column":4},"end":{"line":10,"column":5}},"loc":{"start":{"line":10,"column":42},"end":{"line":19,"column":5}},"line":10},"3":{"name":"(anonymous_3)","decl":{"start":{"line":21,"column":4},"end":{"line":21,"column":5}},"loc":{"start":{"line":21,"column":42},"end":{"line":30,"column":5}},"line":21}},"branchMap":{"0":{"loc":{"start":{"line":12,"column":8},"end":{"line":18,"column":65}},"type":"if","locations":[{"start":{"line":12,"column":8},"end":{"line":18,"column":65}},{"start":{"line":18,"column":15},"end":{"line":18,"column":65}}],"line":12},"1":{"loc":{"start":{"line":23,"column":8},"end":{"line":29,"column":65}},"type":"if","locations":[{"start":{"line":23,"column":8},"end":{"line":29,"column":65}},{"start":{"line":29,"column":15},"end":{"line":29,"column":65}}],"line":23}},"s":{"0":8,"1":1,"2":1,"3":0,"4":2,"5":2,"6":1,"7":1,"8":1,"9":0,"10":1,"11":2,"12":2,"13":1,"14":1,"15":1,"16":0,"17":1,"18":8},"f":{"0":1,"1":0,"2":2,"3":2},"b":{"0":[1,1],"1":[1,1]},"_coverageSchema":"1a1c01bbd47fc00a2c39e90264f33305004495a9","hash":"3914e1ccf7c6001f5995b7ecb18cf142687c05ed"}
,"G:\\ProjectWeb\\task-manager\\server\\controllers\\MemberController.js": {"path":"G:\\ProjectWeb\\task-manager\\server\\controllers\\MemberController.js","statementMap":{"0":{"start":{"line":1,"column":11},"end":{"line":1,"column":34}},"1":{"start":{"line":6,"column":36},"end":{"line":6,"column":44}},"2":{"start":{"line":7,"column":8},"end":{"line":12,"column":63}},"3":{"start":{"line":8,"column":12},"end":{"line":11,"column":82}},"4":{"start":{"line":9,"column":16},"end":{"line":9,"column":82}},"5":{"start":{"line":10,"column":16},"end":{"line":10,"column":76}},"6":{"start":{"line":11,"column":27},"end":{"line":11,"column":81}},"7":{"start":{"line":12,"column":15},"end":{"line":12,"column":63}},"8":{"start":{"line":16,"column":28},"end":{"line":16,"column":36}},"9":{"start":{"line":17,"column":8},"end":{"line":22,"column":63}},"10":{"start":{"line":18,"column":12},"end":{"line":21,"column":82}},"11":{"start":{"line":19,"column":16},"end":{"line":19,"column":78}},"12":{"start":{"line":20,"column":16},"end":{"line":20,"column":77}},"13":{"start":{"line":21,"column":27},"end":{"line":21,"column":81}},"14":{"start":{"line":22,"column":15},"end":{"line":22,"column":63}},"15":{"start":{"line":27,"column":0},"end":{"line":27,"column":34}}},"fnMap":{"0":{"name":"(anonymous_0)","decl":{"start":{"line":5,"column":4},"end":{"line":5,"column":5}},"loc":{"start":{"line":5,"column":41},"end":{"line":13,"column":5}},"line":5},"1":{"name":"(anonymous_1)","decl":{"start":{"line":15,"column":4},"end":{"line":15,"column":5}},"loc":{"start":{"line":15,"column":44},"end":{"line":23,"column":5}},"line":15}},"branchMap":{"0":{"loc":{"start":{"line":7,"column":8},"end":{"line":12,"column":63}},"type":"if","locations":[{"start":{"line":7,"column":8},"end":{"line":12,"column":63}},{"start":{"line":12,"column":15},"end":{"line":12,"column":63}}],"line":7},"1":{"loc":{"start":{"line":7,"column":12},"end":{"line":7,"column":31}},"type":"binary-expr","locations":[{"start":{"line":7,"column":12},"end":{"line":7,"column":19}},{"start":{"line":7,"column":23},"end":{"line":7,"column":31}}],"line":7},"2":{"loc":{"start":{"line":17,"column":8},"end":{"line":22,"column":63}},"type":"if","locations":[{"start":{"line":17,"column":8},"end":{"line":22,"column":63}},{"start":{"line":22,"column":15},"end":{"line":22,"column":63}}],"line":17}},"s":{"0":8,"1":2,"2":2,"3":1,"4":1,"5":1,"6":0,"7":1,"8":2,"9":2,"10":1,"11":1,"12":1,"13":0,"14":1,"15":8},"f":{"0":2,"1":2},"b":{"0":[1,1],"1":[2,1],"2":[1,1]},"_coverageSchema":"1a1c01bbd47fc00a2c39e90264f33305004495a9","hash":"72f8f45127c0cc28146c4896a75c8dfeae0119d5"}
,"G:\\ProjectWeb\\task-manager\\server\\controllers\\TaskActions.js": {"path":"G:\\ProjectWeb\\task-manager\\server\\controllers\\TaskActions.js","statementMap":{"0":{"start":{"line":1,"column":23},"end":{"line":1,"column":50}},"1":{"start":{"line":2,"column":28},"end":{"line":2,"column":61}},"2":{"start":{"line":3,"column":25},"end":{"line":3,"column":54}},"3":{"start":{"line":4,"column":28},"end":{"line":4,"column":60}},"4":{"start":{"line":5,"column":24},"end":{"line":5,"column":52}},"5":{"start":{"line":6,"column":23},"end":{"line":6,"column":50}},"6":{"start":{"line":7,"column":29},"end":{"line":7,"column":62}},"7":{"start":{"line":8,"column":23},"end":{"line":8,"column":50}},"8":{"start":{"line":12,"column":25},"end":{"line":12,"column":34}},"9":{"start":{"line":13,"column":8},"end":{"line":24,"column":9}},"10":{"start":{"line":15,"column":16},"end":{"line":15,"column":62}},"11":{"start":{"line":16,"column":16},"end":{"line":16,"column":22}},"12":{"start":{"line":18,"column":16},"end":{"line":18,"column":65}},"13":{"start":{"line":19,"column":16},"end":{"line":19,"column":22}},"14":{"start":{"line":21,"column":16},"end":{"line":21,"column":72}},"15":{"start":{"line":22,"column":16},"end":{"line":22,"column":22}},"16":{"start":{"line":29,"column":27},"end":{"line":29,"column":35}},"17":{"start":{"line":30,"column":8},"end":{"line":30,"column":29}},"18":{"start":{"line":31,"column":8},"end":{"line":47,"column":9}},"19":{"start":{"line":33,"column":16},"end":{"line":33,"column":58}},"20":{"start":{"line":34,"column":16},"end":{"line":34,"column":22}},"21":{"start":{"line":36,"column":16},"end":{"line":36,"column":58}},"22":{"start":{"line":37,"column":16},"end":{"line":37,"column":22}},"23":{"start":{"line":39,"column":16},"end":{"line":39,"column":67}},"24":{"start":{"line":40,"column":16},"end":{"line":40,"column":22}},"25":{"start":{"line":42,"column":16},"end":{"line":42,"column":64}},"26":{"start":{"line":43,"column":16},"end":{"line":43,"column":22}},"27":{"start":{"line":45,"column":16},"end":{"line":45,"column":63}},"28":{"start":{"line":46,"column":16},"end":{"line":46,"column":22}},"29":{"start":{"line":51,"column":27},"end":{"line":51,"column":35}},"30":{"start":{"line":52,"column":8},"end":{"line":52,"column":29}},"31":{"start":{"line":53,"column":8},"end":{"line":66,"column":9}},"32":{"start":{"line":55,"column":16},"end":{"line":55,"column":64}},"33":{"start":{"line":56,"column":16},"end":{"line":56,"column":22}},"34":{"start":{"line":58,"column":16},"end":{"line":58,"column":62}},"35":{"start":{"line":59,"column":16},"end":{"line":59,"column":22}},"36":{"start":{"line":61,"column":16},"end":{"line":61,"column":56}},"37":{"start":{"line":62,"column":16},"end":{"line":62,"column":22}},"38":{"start":{"line":64,"column":16},"end":{"line":64,"column":62}},"39":{"start":{"line":65,"column":16},"end":{"line":65,"column":22}},"40":{"start":{"line":70,"column":27},"end":{"line":70,"column":35}},"41":{"start":{"line":71,"column":8},"end":{"line":87,"column":9}},"42":{"start":{"line":73,"column":16},"end":{"line":73,"column":74}},"43":{"start":{"line":74,"column":16},"end":{"line":74,"column":22}},"44":{"start":{"line":76,"column":16},"end":{"line":76,"column":67}},"45":{"start":{"line":77,"column":16},"end":{"line":77,"column":22}},"46":{"start":{"line":79,"column":16},"end":{"line":79,"column":58}},"47":{"start":{"line":80,"column":16},"end":{"line":80,"column":22}},"48":{"start":{"line":82,"column":16},"end":{"line":82,"column":63}},"49":{"start":{"line":83,"column":16},"end":{"line":83,"column":22}},"50":{"start":{"line":85,"column":16},"end":{"line":85,"column":63}},"51":{"start":{"line":86,"column":16},"end":{"line":86,"column":22}},"52":{"start":{"line":92,"column":0},"end":{"line":92,"column":28}}},"fnMap":{"0":{"name":"(anonymous_0)","decl":{"start":{"line":11,"column":4},"end":{"line":11,"column":5}},"loc":{"start":{"line":11,"column":37},"end":{"line":26,"column":5}},"line":11},"1":{"name":"(anonymous_1)","decl":{"start":{"line":28,"column":4},"end":{"line":28,"column":5}},"loc":{"start":{"line":28,"column":38},"end":{"line":48,"column":5}},"line":28},"2":{"name":"(anonymous_2)","decl":{"start":{"line":50,"column":4},"end":{"line":50,"column":5}},"loc":{"start":{"line":50,"column":37},"end":{"line":67,"column":5}},"line":50},"3":{"name":"(anonymous_3)","decl":{"start":{"line":69,"column":4},"end":{"line":69,"column":5}},"loc":{"start":{"line":69,"column":41},"end":{"line":88,"column":5}},"line":69}},"branchMap":{"0":{"loc":{"start":{"line":13,"column":8},"end":{"line":24,"column":9}},"type":"switch","locations":[{"start":{"line":14,"column":12},"end":{"line":16,"column":22}},{"start":{"line":17,"column":12},"end":{"line":19,"column":22}},{"start":{"line":20,"column":12},"end":{"line":22,"column":22}}],"line":13},"1":{"loc":{"start":{"line":31,"column":8},"end":{"line":47,"column":9}},"type":"switch","locations":[{"start":{"line":32,"column":12},"end":{"line":34,"column":22}},{"start":{"line":35,"column":12},"end":{"line":37,"column":22}},{"start":{"line":38,"column":12},"end":{"line":40,"column":22}},{"start":{"line":41,"column":12},"end":{"line":43,"column":22}},{"start":{"line":44,"column":12},"end":{"line":46,"column":22}}],"line":31},"2":{"loc":{"start":{"line":53,"column":8},"end":{"line":66,"column":9}},"type":"switch","locations":[{"start":{"line":54,"column":12},"end":{"line":56,"column":22}},{"start":{"line":57,"column":12},"end":{"line":59,"column":22}},{"start":{"line":60,"column":12},"end":{"line":62,"column":22}},{"start":{"line":63,"column":12},"end":{"line":65,"column":22}}],"line":53},"3":{"loc":{"start":{"line":71,"column":8},"end":{"line":87,"column":9}},"type":"switch","locations":[{"start":{"line":72,"column":12},"end":{"line":74,"column":22}},{"start":{"line":75,"column":12},"end":{"line":77,"column":22}},{"start":{"line":78,"column":12},"end":{"line":80,"column":22}},{"start":{"line":81,"column":12},"end":{"line":83,"column":22}},{"start":{"line":84,"column":12},"end":{"line":86,"column":22}}],"line":71}},"s":{"0":8,"1":8,"2":8,"3":8,"4":8,"5":8,"6":8,"7":8,"8":6,"9":6,"10":3,"11":3,"12":1,"13":1,"14":2,"15":2,"16":10,"17":10,"18":10,"19":1,"20":1,"21":3,"22":3,"23":2,"24":2,"25":2,"26":2,"27":2,"28":2,"29":9,"30":9,"31":9,"32":3,"33":2,"34":2,"35":2,"36":2,"37":2,"38":2,"39":2,"40":9,"41":9,"42":2,"43":2,"44":2,"45":2,"46":2,"47":2,"48":2,"49":2,"50":1,"51":0,"52":8},"f":{"0":6,"1":10,"2":9,"3":9},"b":{"0":[3,1,2],"1":[1,3,2,2,2],"2":[3,2,2,2],"3":[2,2,2,2,1]},"_coverageSchema":"1a1c01bbd47fc00a2c39e90264f33305004495a9","hash":"504e7c7ac45f02979e2f9aed82101d8fa4673145"}
,"G:\\ProjectWeb\\task-manager\\server\\controllers\\TaskController.js": {"path":"G:\\ProjectWeb\\task-manager\\server\\controllers\\TaskController.js","statementMap":{"0":{"start":{"line":1,"column":23},"end":{"line":1,"column":38}},"1":{"start":{"line":2,"column":13},"end":{"line":2,"column":37}},"2":{"start":{"line":3,"column":11},"end":{"line":3,"column":34}},"3":{"start":{"line":8,"column":63},"end":{"line":8,"column":71}},"4":{"start":{"line":9,"column":22},"end":{"line":10,"column":34}},"5":{"start":{"line":11,"column":21},"end":{"line":14,"column":10}},"6":{"start":{"line":15,"column":8},"end":{"line":25,"column":9}},"7":{"start":{"line":16,"column":12},"end":{"line":22,"column":82}},"8":{"start":{"line":17,"column":29},"end":{"line":17,"column":79}},"9":{"start":{"line":18,"column":16},"end":{"line":21,"column":85}},"10":{"start":{"line":19,"column":20},"end":{"line":19,"column":137}},"11":{"start":{"line":20,"column":20},"end":{"line":20,"column":78}},"12":{"start":{"line":21,"column":23},"end":{"line":21,"column":85}},"13":{"start":{"line":22,"column":27},"end":{"line":22,"column":81}},"14":{"start":{"line":24,"column":12},"end":{"line":24,"column":63}},"15":{"start":{"line":29,"column":95},"end":{"line":29,"column":103}},"16":{"start":{"line":30,"column":8},"end":{"line":37,"column":68}},"17":{"start":{"line":31,"column":12},"end":{"line":36,"column":82}},"18":{"start":{"line":32,"column":16},"end":{"line":34,"column":50}},"19":{"start":{"line":35,"column":16},"end":{"line":35,"column":82}},"20":{"start":{"line":36,"column":27},"end":{"line":36,"column":81}},"21":{"start":{"line":37,"column":15},"end":{"line":37,"column":68}},"22":{"start":{"line":41,"column":26},"end":{"line":41,"column":34}},"23":{"start":{"line":42,"column":8},"end":{"line":48,"column":68}},"24":{"start":{"line":43,"column":12},"end":{"line":47,"column":82}},"25":{"start":{"line":44,"column":16},"end":{"line":44,"column":65}},"26":{"start":{"line":45,"column":16},"end":{"line":45,"column":76}},"27":{"start":{"line":46,"column":16},"end":{"line":46,"column":69}},"28":{"start":{"line":47,"column":27},"end":{"line":47,"column":81}},"29":{"start":{"line":48,"column":15},"end":{"line":48,"column":68}},"30":{"start":{"line":52,"column":25},"end":{"line":52,"column":43}},"31":{"start":{"line":53,"column":22},"end":{"line":53,"column":37}},"32":{"start":{"line":54,"column":8},"end":{"line":54,"column":90}},"33":{"start":{"line":54,"column":32},"end":{"line":54,"column":90}},"34":{"start":{"line":55,"column":8},"end":{"line":104,"column":78}},"35":{"start":{"line":56,"column":24},"end":{"line":60,"column":14}},"36":{"start":{"line":61,"column":12},"end":{"line":61,"column":81}},"37":{"start":{"line":61,"column":23},"end":{"line":61,"column":81}},"38":{"start":{"line":63,"column":24},"end":{"line":67,"column":14}},"39":{"start":{"line":69,"column":24},"end":{"line":78,"column":14}},"40":{"start":{"line":80,"column":26},"end":{"line":83,"column":14}},"41":{"start":{"line":85,"column":30},"end":{"line":91,"column":24}},"42":{"start":{"line":93,"column":24},"end":{"line":95,"column":14}},"43":{"start":{"line":97,"column":27},"end":{"line":100,"column":14}},"44":{"start":{"line":101,"column":12},"end":{"line":101,"column":84}},"45":{"start":{"line":101,"column":26},"end":{"line":101,"column":84}},"46":{"start":{"line":102,"column":12},"end":{"line":103,"column":82}},"47":{"start":{"line":104,"column":23},"end":{"line":104,"column":77}},"48":{"start":{"line":109,"column":22},"end":{"line":109,"column":37}},"49":{"start":{"line":111,"column":8},"end":{"line":130,"column":78}},"50":{"start":{"line":112,"column":23},"end":{"line":115,"column":14}},"51":{"start":{"line":116,"column":12},"end":{"line":129,"column":78}},"52":{"start":{"line":117,"column":16},"end":{"line":127,"column":18}},"53":{"start":{"line":128,"column":16},"end":{"line":128,"column":68}},"54":{"start":{"line":129,"column":19},"end":{"line":129,"column":78}},"55":{"start":{"line":130,"column":23},"end":{"line":130,"column":77}},"56":{"start":{"line":134,"column":0},"end":{"line":134,"column":32}}},"fnMap":{"0":{"name":"(anonymous_0)","decl":{"start":{"line":7,"column":4},"end":{"line":7,"column":5}},"loc":{"start":{"line":7,"column":38},"end":{"line":26,"column":5}},"line":7},"1":{"name":"(anonymous_1)","decl":{"start":{"line":28,"column":4},"end":{"line":28,"column":5}},"loc":{"start":{"line":28,"column":36},"end":{"line":38,"column":5}},"line":28},"2":{"name":"(anonymous_2)","decl":{"start":{"line":40,"column":4},"end":{"line":40,"column":5}},"loc":{"start":{"line":40,"column":37},"end":{"line":49,"column":5}},"line":40},"3":{"name":"(anonymous_3)","decl":{"start":{"line":51,"column":4},"end":{"line":51,"column":5}},"loc":{"start":{"line":51,"column":41},"end":{"line":106,"column":5}},"line":51},"4":{"name":"(anonymous_4)","decl":{"start":{"line":108,"column":4},"end":{"line":108,"column":5}},"loc":{"start":{"line":108,"column":44},"end":{"line":131,"column":5}},"line":108}},"branchMap":{"0":{"loc":{"start":{"line":15,"column":8},"end":{"line":25,"column":9}},"type":"if","locations":[{"start":{"line":15,"column":8},"end":{"line":25,"column":9}},{"start":{"line":23,"column":15},"end":{"line":25,"column":9}}],"line":15},"1":{"loc":{"start":{"line":18,"column":16},"end":{"line":21,"column":85}},"type":"if","locations":[{"start":{"line":18,"column":16},"end":{"line":21,"column":85}},{"start":{"line":21,"column":23},"end":{"line":21,"column":85}}],"line":18},"2":{"loc":{"start":{"line":30,"column":8},"end":{"line":37,"column":68}},"type":"if","locations":[{"start":{"line":30,"column":8},"end":{"line":37,"column":68}},{"start":{"line":37,"column":15},"end":{"line":37,"column":68}}],"line":30},"3":{"loc":{"start":{"line":42,"column":8},"end":{"line":48,"column":68}},"type":"if","locations":[{"start":{"line":42,"column":8},"end":{"line":48,"column":68}},{"start":{"line":48,"column":15},"end":{"line":48,"column":68}}],"line":42},"4":{"loc":{"start":{"line":54,"column":8},"end":{"line":54,"column":90}},"type":"if","locations":[{"start":{"line":54,"column":8},"end":{"line":54,"column":90}},{"start":{},"end":{}}],"line":54},"5":{"loc":{"start":{"line":54,"column":11},"end":{"line":54,"column":30}},"type":"binary-expr","locations":[{"start":{"line":54,"column":11},"end":{"line":54,"column":20}},{"start":{"line":54,"column":24},"end":{"line":54,"column":30}}],"line":54},"6":{"loc":{"start":{"line":61,"column":12},"end":{"line":61,"column":81}},"type":"if","locations":[{"start":{"line":61,"column":12},"end":{"line":61,"column":81}},{"start":{},"end":{}}],"line":61},"7":{"loc":{"start":{"line":101,"column":12},"end":{"line":101,"column":84}},"type":"if","locations":[{"start":{"line":101,"column":12},"end":{"line":101,"column":84}},{"start":{},"end":{}}],"line":101},"8":{"loc":{"start":{"line":116,"column":12},"end":{"line":129,"column":78}},"type":"if","locations":[{"start":{"line":116,"column":12},"end":{"line":129,"column":78}},{"start":{"line":129,"column":19},"end":{"line":129,"column":78}}],"line":116}},"s":{"0":8,"1":8,"2":8,"3":3,"4":3,"5":3,"6":3,"7":2,"8":2,"9":2,"10":1,"11":1,"12":1,"13":0,"14":1,"15":2,"16":2,"17":1,"18":1,"19":1,"20":0,"21":1,"22":2,"23":2,"24":1,"25":1,"26":1,"27":1,"28":0,"29":1,"30":3,"31":3,"32":3,"33":1,"34":2,"35":2,"36":2,"37":2,"38":0,"39":0,"40":0,"41":0,"42":0,"43":0,"44":0,"45":0,"46":0,"47":0,"48":2,"49":2,"50":2,"51":2,"52":1,"53":1,"54":1,"55":0,"56":8},"f":{"0":3,"1":2,"2":2,"3":3,"4":2},"b":{"0":[2,1],"1":[1,1],"2":[1,1],"3":[1,1],"4":[1,2],"5":[3,2],"6":[2,0],"7":[0,0],"8":[1,1]},"_coverageSchema":"1a1c01bbd47fc00a2c39e90264f33305004495a9","hash":"34b6afbc08931e6082e508c918d5de834bca3bea"}
,"G:\\ProjectWeb\\task-manager\\server\\controllers\\UserController.js": {"path":"G:\\ProjectWeb\\task-manager\\server\\controllers\\UserController.js","statementMap":{"0":{"start":{"line":1,"column":11},"end":{"line":1,"column":34}},"1":{"start":{"line":6,"column":59},"end":{"line":6,"column":67}},"2":{"start":{"line":7,"column":8},"end":{"line":15,"column":9}},"3":{"start":{"line":8,"column":12},"end":{"line":12,"column":80}},"4":{"start":{"line":9,"column":16},"end":{"line":10,"column":50}},"5":{"start":{"line":11,"column":16},"end":{"line":11,"column":82}},"6":{"start":{"line":12,"column":25},"end":{"line":12,"column":79}},"7":{"start":{"line":14,"column":12},"end":{"line":14,"column":68}},"8":{"start":{"line":19,"column":0},"end":{"line":19,"column":31}}},"fnMap":{"0":{"name":"(anonymous_0)","decl":{"start":{"line":5,"column":4},"end":{"line":5,"column":5}},"loc":{"start":{"line":5,"column":41},"end":{"line":16,"column":5}},"line":5}},"branchMap":{"0":{"loc":{"start":{"line":7,"column":8},"end":{"line":15,"column":9}},"type":"if","locations":[{"start":{"line":7,"column":8},"end":{"line":15,"column":9}},{"start":{"line":13,"column":15},"end":{"line":15,"column":9}}],"line":7},"1":{"loc":{"start":{"line":7,"column":12},"end":{"line":7,"column":31}},"type":"binary-expr","locations":[{"start":{"line":7,"column":12},"end":{"line":7,"column":19}},{"start":{"line":7,"column":23},"end":{"line":7,"column":31}}],"line":7}},"s":{"0":8,"1":2,"2":2,"3":1,"4":1,"5":1,"6":0,"7":1,"8":8},"f":{"0":2},"b":{"0":[1,1],"1":[2,1]},"_coverageSchema":"1a1c01bbd47fc00a2c39e90264f33305004495a9","hash":"11133560a0a9cc9fbc54b6519ad7f6c567dedd12"}
,"G:\\ProjectWeb\\task-manager\\server\\models\\Board.js": {"path":"G:\\ProjectWeb\\task-manager\\server\\models\\Board.js","statementMap":{"0":{"start":{"line":2,"column":0},"end":{"line":17,"column":1}},"1":{"start":{"line":3,"column":18},"end":{"line":15,"column":5}},"2":{"start":{"line":16,"column":4},"end":{"line":16,"column":17}}},"fnMap":{"0":{"name":"(anonymous_0)","decl":{"start":{"line":2,"column":17},"end":{"line":2,"column":18}},"loc":{"start":{"line":2,"column":43},"end":{"line":17,"column":1}},"line":2}},"branchMap":{},"s":{"0":8,"1":8,"2":8},"f":{"0":8},"b":{},"_coverageSchema":"1a1c01bbd47fc00a2c39e90264f33305004495a9","hash":"768c406d225ef876ecea81e10f2fdd7a368c0c7d"}
,"G:\\ProjectWeb\\task-manager\\server\\models\\BoardMember.js": {"path":"G:\\ProjectWeb\\task-manager\\server\\models\\BoardMember.js","statementMap":{"0":{"start":{"line":1,"column":0},"end":{"line":31,"column":1}},"1":{"start":{"line":2,"column":24},"end":{"line":29,"column":5}},"2":{"start":{"line":30,"column":4},"end":{"line":30,"column":23}}},"fnMap":{"0":{"name":"(anonymous_0)","decl":{"start":{"line":1,"column":17},"end":{"line":1,"column":18}},"loc":{"start":{"line":1,"column":43},"end":{"line":31,"column":1}},"line":1}},"branchMap":{},"s":{"0":8,"1":8,"2":8},"f":{"0":8},"b":{},"_coverageSchema":"1a1c01bbd47fc00a2c39e90264f33305004495a9","hash":"8911877fb9040b0a04b220e39481d029292b790d"}
,"G:\\ProjectWeb\\task-manager\\server\\models\\FileTask.js": {"path":"G:\\ProjectWeb\\task-manager\\server\\models\\FileTask.js","statementMap":{"0":{"start":{"line":2,"column":0},"end":{"line":18,"column":1}},"1":{"start":{"line":3,"column":21},"end":{"line":16,"column":5}},"2":{"start":{"line":17,"column":4},"end":{"line":17,"column":19}}},"fnMap":{"0":{"name":"(anonymous_0)","decl":{"start":{"line":2,"column":17},"end":{"line":2,"column":18}},"loc":{"start":{"line":2,"column":43},"end":{"line":18,"column":1}},"line":2}},"branchMap":{},"s":{"0":8,"1":8,"2":8},"f":{"0":8},"b":{},"_coverageSchema":"1a1c01bbd47fc00a2c39e90264f33305004495a9","hash":"27afa32e73a7e1f97e9ec42cb58042f74001fe28"}
,"G:\\ProjectWeb\\task-manager\\server\\models\\List.js": {"path":"G:\\ProjectWeb\\task-manager\\server\\models\\List.js","statementMap":{"0":{"start":{"line":2,"column":0},"end":{"line":20,"column":1}},"1":{"start":{"line":3,"column":17},"end":{"line":18,"column":5}},"2":{"start":{"line":19,"column":4},"end":{"line":19,"column":15}}},"fnMap":{"0":{"name":"(anonymous_0)","decl":{"start":{"line":2,"column":17},"end":{"line":2,"column":18}},"loc":{"start":{"line":2,"column":43},"end":{"line":20,"column":1}},"line":2}},"branchMap":{},"s":{"0":8,"1":8,"2":8},"f":{"0":8},"b":{},"_coverageSchema":"1a1c01bbd47fc00a2c39e90264f33305004495a9","hash":"7f8805deccf806e9392b057e35d0ac20367a9751"}
,"G:\\ProjectWeb\\task-manager\\server\\models\\Role.js": {"path":"G:\\ProjectWeb\\task-manager\\server\\models\\Role.js","statementMap":{"0":{"start":{"line":2,"column":0},"end":{"line":17,"column":1}},"1":{"start":{"line":3,"column":17},"end":{"line":15,"column":5}},"2":{"start":{"line":16,"column":4},"end":{"line":16,"column":16}}},"fnMap":{"0":{"name":"(anonymous_0)","decl":{"start":{"line":2,"column":17},"end":{"line":2,"column":18}},"loc":{"start":{"line":2,"column":43},"end":{"line":17,"column":1}},"line":2}},"branchMap":{},"s":{"0":8,"1":8,"2":8},"f":{"0":8},"b":{},"_coverageSchema":"1a1c01bbd47fc00a2c39e90264f33305004495a9","hash":"6f515534489869f34326a59eaac0b016fdfdc9fd"}
,"G:\\ProjectWeb\\task-manager\\server\\models\\Task.js": {"path":"G:\\ProjectWeb\\task-manager\\server\\models\\Task.js","statementMap":{"0":{"start":{"line":2,"column":0},"end":{"line":38,"column":1}},"1":{"start":{"line":3,"column":17},"end":{"line":36,"column":5}},"2":{"start":{"line":37,"column":4},"end":{"line":37,"column":15}}},"fnMap":{"0":{"name":"(anonymous_0)","decl":{"start":{"line":2,"column":17},"end":{"line":2,"column":18}},"loc":{"start":{"line":2,"column":43},"end":{"line":38,"column":1}},"line":2}},"branchMap":{},"s":{"0":8,"1":8,"2":8},"f":{"0":8},"b":{},"_coverageSchema":"1a1c01bbd47fc00a2c39e90264f33305004495a9","hash":"6bb090c97711283be1879a5dbb6e610043aec0bd"}
,"G:\\ProjectWeb\\task-manager\\server\\models\\TaskAssignment.js": {"path":"G:\\ProjectWeb\\task-manager\\server\\models\\TaskAssignment.js","statementMap":{"0":{"start":{"line":2,"column":0},"end":{"line":33,"column":1}},"1":{"start":{"line":3,"column":27},"end":{"line":30,"column":5}},"2":{"start":{"line":32,"column":4},"end":{"line":32,"column":25}}},"fnMap":{"0":{"name":"(anonymous_0)","decl":{"start":{"line":2,"column":17},"end":{"line":2,"column":18}},"loc":{"start":{"line":2,"column":43},"end":{"line":33,"column":1}},"line":2}},"branchMap":{},"s":{"0":8,"1":8,"2":8},"f":{"0":8},"b":{},"_coverageSchema":"1a1c01bbd47fc00a2c39e90264f33305004495a9","hash":"7424623f4f9bc9f162301b69bb784cf1a090dfd5"}
,"G:\\ProjectWeb\\task-manager\\server\\models\\User.js": {"path":"G:\\ProjectWeb\\task-manager\\server\\models\\User.js","statementMap":{"0":{"start":{"line":1,"column":11},"end":{"line":1,"column":34}},"1":{"start":{"line":3,"column":0},"end":{"line":36,"column":1}},"2":{"start":{"line":4,"column":17},"end":{"line":33,"column":5}},"3":{"start":{"line":35,"column":4},"end":{"line":35,"column":16}}},"fnMap":{"0":{"name":"(anonymous_0)","decl":{"start":{"line":3,"column":17},"end":{"line":3,"column":18}},"loc":{"start":{"line":3,"column":43},"end":{"line":36,"column":1}},"line":3}},"branchMap":{},"s":{"0":8,"1":8,"2":8,"3":8},"f":{"0":8},"b":{},"_coverageSchema":"1a1c01bbd47fc00a2c39e90264f33305004495a9","hash":"fc0ff4ccc329cd9e3126a3e19422701b32462dd8"}
,"G:\\ProjectWeb\\task-manager\\server\\routes\\index.js": {"path":"G:\\ProjectWeb\\task-manager\\server\\routes\\index.js","statementMap":{"0":{"start":{"line":1,"column":22},"end":{"line":1,"column":41}},"1":{"start":{"line":2,"column":16},"end":{"line":2,"column":34}},"2":{"start":{"line":3,"column":15},"end":{"line":3,"column":31}},"3":{"start":{"line":5,"column":0},"end":{"line":5,"column":30}},"4":{"start":{"line":8,"column":0},"end":{"line":8,"column":24}}},"fnMap":{},"branchMap":{},"s":{"0":8,"1":8,"2":8,"3":8,"4":8},"f":{},"b":{},"_coverageSchema":"1a1c01bbd47fc00a2c39e90264f33305004495a9","hash":"29db1fdd2d7cb657f8ae8063a29cc97654b19854"}
,"G:\\ProjectWeb\\task-manager\\server\\routes\\routes.js": {"path":"G:\\ProjectWeb\\task-manager\\server\\routes\\routes.js","statementMap":{"0":{"start":{"line":1,"column":16},"end":{"line":1,"column":34}},"1":{"start":{"line":2,"column":24},"end":{"line":2,"column":65}},"2":{"start":{"line":3,"column":23},"end":{"line":3,"column":63}},"3":{"start":{"line":4,"column":23},"end":{"line":4,"column":63}},"4":{"start":{"line":5,"column":15},"end":{"line":5,"column":32}},"5":{"start":{"line":6,"column":17},"end":{"line":6,"column":36}},"6":{"start":{"line":7,"column":23},"end":{"line":7,"column":63}},"7":{"start":{"line":8,"column":20},"end":{"line":8,"column":57}},"8":{"start":{"line":9,"column":0},"end":{"line":9,"column":46}},"9":{"start":{"line":10,"column":13},"end":{"line":10,"column":28}},"10":{"start":{"line":11,"column":11},"end":{"line":11,"column":24}},"11":{"start":{"line":13,"column":15},"end":{"line":13,"column":31}},"12":{"start":{"line":14,"column":22},"end":{"line":26,"column":2}},"13":{"start":{"line":16,"column":24},"end":{"line":16,"column":46}},"14":{"start":{"line":17,"column":24},"end":{"line":17,"column":67}},"15":{"start":{"line":18,"column":8},"end":{"line":18,"column":80}},"16":{"start":{"line":18,"column":37},"end":{"line":18,"column":80}},"17":{"start":{"line":19,"column":8},"end":{"line":19,"column":26}},"18":{"start":{"line":22,"column":29},"end":{"line":23,"column":58}},"19":{"start":{"line":24,"column":8},"end":{"line":24,"column":31}},"20":{"start":{"line":28,"column":15},"end":{"line":28,"column":61}},"21":{"start":{"line":30,"column":0},"end":{"line":30,"column":105}},"22":{"start":{"line":31,"column":0},"end":{"line":31,"column":107}},"23":{"start":{"line":32,"column":0},"end":{"line":32,"column":109}},"24":{"start":{"line":34,"column":0},"end":{"line":34,"column":117}},"25":{"start":{"line":35,"column":0},"end":{"line":35,"column":99}},"26":{"start":{"line":37,"column":0},"end":{"line":37,"column":103}},"27":{"start":{"line":38,"column":0},"end":{"line":38,"column":107}},"28":{"start":{"line":39,"column":0},"end":{"line":39,"column":106}},"29":{"start":{"line":41,"column":0},"end":{"line":41,"column":113}},"30":{"start":{"line":42,"column":0},"end":{"line":42,"column":104}},"31":{"start":{"line":44,"column":0},"end":{"line":44,"column":54}},"32":{"start":{"line":45,"column":0},"end":{"line":45,"column":48}},"33":{"start":{"line":47,"column":0},"end":{"line":47,"column":24}}},"fnMap":{"0":{"name":"(anonymous_0)","decl":{"start":{"line":15,"column":17},"end":{"line":15,"column":18}},"loc":{"start":{"line":15,"column":42},"end":{"line":20,"column":5}},"line":15},"1":{"name":"(anonymous_1)","decl":{"start":{"line":21,"column":14},"end":{"line":21,"column":15}},"loc":{"start":{"line":21,"column":32},"end":{"line":25,"column":5}},"line":21}},"branchMap":{"0":{"loc":{"start":{"line":18,"column":8},"end":{"line":18,"column":80}},"type":"if","locations":[{"start":{"line":18,"column":8},"end":{"line":18,"column":80}},{"start":{},"end":{}}],"line":18}},"s":{"0":8,"1":8,"2":8,"3":8,"4":8,"5":8,"6":8,"7":8,"8":8,"9":8,"10":8,"11":8,"12":8,"13":1,"14":1,"15":1,"16":0,"17":1,"18":1,"19":1,"20":8,"21":8,"22":8,"23":8,"24":8,"25":8,"26":8,"27":8,"28":8,"29":8,"30":8,"31":8,"32":8,"33":8},"f":{"0":1,"1":1},"b":{"0":[0,1]},"_coverageSchema":"1a1c01bbd47fc00a2c39e90264f33305004495a9","hash":"95a8795420991885fe65118e90392b16f4b3c6ce"}
}
