TN:
SF:server.js
FN:21,(anonymous_0)
FN:24,(anonymous_1)
FNF:2
FNH:1
FNDA:1,(anonymous_0)
FNDA:0,(anonymous_1)
DA:1,8
DA:2,8
DA:3,8
DA:4,8
DA:5,8
DA:6,8
DA:7,8
DA:8,8
DA:9,8
DA:12,8
DA:13,8
DA:14,8
DA:15,8
DA:16,8
DA:17,8
DA:19,8
DA:21,8
DA:22,1
DA:24,0
DA:26,8
LF:20
LH:19
BRF:0
BRH:0
end_of_record
TN:
SF:config\db.js
FNF:0
FNH:0
DA:1,8
DA:3,8
DA:9,8
DA:11,8
DA:12,8
DA:13,8
DA:14,8
DA:15,8
DA:16,8
DA:17,8
DA:18,8
DA:21,8
DA:22,8
DA:25,8
DA:26,8
DA:29,8
DA:30,8
DA:33,8
DA:34,8
DA:35,8
DA:36,8
DA:37,8
DA:38,8
DA:42,8
DA:43,8
DA:46,8
DA:47,8
DA:49,8
DA:50,8
DA:53,8
DA:54,8
DA:57,8
DA:58,8
DA:61,8
DA:62,8
DA:65,8
DA:66,8
DA:68,8
DA:69,8
DA:76,8
LF:40
LH:40
BRF:0
BRH:0
end_of_record
TN:
SF:config\passport.js
FN:12,(anonymous_0)
FNF:1
FNH:1
FNDA:43,(anonymous_0)
DA:1,8
DA:2,8
DA:3,8
DA:6,8
DA:11,8
DA:13,43
DA:14,43
DA:15,43
DA:17,0
LF:9
LH:8
BRDA:15,0,0,43
BRDA:15,0,1,0
BRF:2
BRH:1
end_of_record
TN:
SF:controllers\AssignmentController.js
FN:4,(anonymous_0)
FN:14,(anonymous_1)
FNF:2
FNH:2
FNDA:2,(anonymous_0)
FNDA:2,(anonymous_1)
DA:1,8
DA:5,2
DA:6,2
DA:7,1
DA:8,1
DA:9,1
DA:10,0
DA:11,1
DA:15,2
DA:16,2
DA:17,1
DA:18,1
DA:19,1
DA:20,0
DA:21,1
DA:24,8
LF:16
LH:14
BRDA:6,0,0,1
BRDA:6,0,1,1
BRDA:6,1,0,2
BRDA:6,1,1,1
BRDA:16,2,0,1
BRDA:16,2,1,1
BRF:6
BRH:6
end_of_record
TN:
SF:controllers\AuthController.js
FN:8,(anonymous_0)
FN:30,(anonymous_1)
FNF:2
FNH:2
FNDA:4,(anonymous_0)
FNDA:5,(anonymous_1)
DA:1,8
DA:2,8
DA:3,8
DA:4,8
DA:5,8
DA:9,4
DA:10,4
DA:11,4
DA:12,1
DA:15,3
DA:16,1
DA:19,2
DA:22,2
DA:24,1
DA:26,1
DA:27,0
DA:31,5
DA:32,5
DA:33,5
DA:34,5
DA:35,1
DA:38,4
DA:39,3
DA:40,1
DA:43,2
DA:48,2
DA:50,2
DA:51,1
DA:55,8
LF:29
LH:28
BRDA:11,0,0,1
BRDA:11,0,1,3
BRDA:11,1,0,4
BRDA:11,1,1,3
BRDA:11,1,2,3
BRDA:15,2,0,1
BRDA:15,2,1,2
BRDA:22,3,0,1
BRDA:22,3,1,1
BRDA:34,4,0,1
BRDA:34,4,1,4
BRDA:39,5,0,1
BRDA:39,5,1,2
BRDA:48,6,0,0
BRDA:48,6,1,2
BRF:15
BRH:14
end_of_record
TN:
SF:controllers\BoardController.js
FN:5,(anonymous_0)
FN:21,(anonymous_1)
FN:40,(anonymous_2)
FN:51,(anonymous_3)
FNF:4
FNH:4
FNDA:2,(anonymous_0)
FNDA:3,(anonymous_1)
FNDA:3,(anonymous_2)
FNDA:2,(anonymous_3)
DA:1,8
DA:2,8
DA:6,2
DA:7,2
DA:10,2
DA:11,1
DA:15,1
DA:17,1
DA:22,3
DA:23,3
DA:24,2
DA:28,2
DA:29,1
DA:30,1
DA:34,1
DA:36,1
DA:41,3
DA:42,3
DA:43,3
DA:44,3
DA:47,2
DA:48,2
DA:52,2
DA:53,2
DA:54,2
DA:57,2
DA:60,2
DA:61,0
DA:65,8
LF:29
LH:28
BRDA:10,0,0,1
BRDA:10,0,1,1
BRDA:15,1,0,1
BRDA:15,1,1,0
BRDA:23,2,0,1
BRDA:23,2,1,2
BRDA:28,3,0,1
BRDA:28,3,1,1
BRDA:42,4,0,1
BRDA:42,4,1,2
BRF:10
BRH:9
end_of_record
TN:
SF:controllers\FilesTaskController.js
FN:7,(anonymous_0)
FN:19,(anonymous_1)
FN:30,(anonymous_2)
FN:42,(anonymous_3)
FN:48,(anonymous_4)
FNF:5
FNH:4
FNDA:2,(anonymous_0)
FNDA:1,(anonymous_1)
FNDA:2,(anonymous_2)
FNDA:1,(anonymous_3)
FNDA:0,(anonymous_4)
DA:1,8
DA:2,8
DA:3,8
DA:4,8
DA:8,2
DA:10,2
DA:11,1
DA:13,1
DA:14,1
DA:15,1
DA:16,0
DA:20,1
DA:21,1
DA:22,1
DA:23,1
DA:24,1
DA:26,0
DA:31,2
DA:32,2
DA:33,1
DA:34,1
DA:38,1
DA:39,0
DA:43,1
DA:44,1
DA:48,0
DA:50,0
DA:51,0
DA:52,0
DA:53,0
DA:54,0
DA:59,8
LF:32
LH:23
BRDA:10,0,0,1
BRDA:10,0,1,1
BRDA:32,1,0,1
BRDA:32,1,1,1
BRF:4
BRH:4
end_of_record
TN:
SF:controllers\ListController.js
FN:3,(anonymous_0)
FN:7,(anonymous_1)
FN:10,(anonymous_2)
FN:21,(anonymous_3)
FNF:4
FNH:3
FNDA:1,(anonymous_0)
FNDA:0,(anonymous_1)
FNDA:2,(anonymous_2)
FNDA:2,(anonymous_3)
DA:1,8
DA:4,1
DA:5,1
DA:7,0
DA:11,2
DA:12,2
DA:13,1
DA:14,1
DA:16,1
DA:17,0
DA:18,1
DA:22,2
DA:23,2
DA:24,1
DA:25,1
DA:27,1
DA:28,0
DA:29,1
DA:32,8
LF:19
LH:16
BRDA:12,0,0,1
BRDA:12,0,1,1
BRDA:23,1,0,1
BRDA:23,1,1,1
BRF:4
BRH:4
end_of_record
TN:
SF:controllers\MemberController.js
FN:5,(anonymous_0)
FN:15,(anonymous_1)
FNF:2
FNH:2
FNDA:2,(anonymous_0)
FNDA:2,(anonymous_1)
DA:1,8
DA:6,2
DA:7,2
DA:8,1
DA:9,1
DA:10,1
DA:11,0
DA:12,1
DA:16,2
DA:17,2
DA:18,1
DA:19,1
DA:20,1
DA:21,0
DA:22,1
DA:27,8
LF:16
LH:14
BRDA:7,0,0,1
BRDA:7,0,1,1
BRDA:7,1,0,2
BRDA:7,1,1,1
BRDA:17,2,0,1
BRDA:17,2,1,1
BRF:6
BRH:6
end_of_record
TN:
SF:controllers\TaskActions.js
FN:11,(anonymous_0)
FN:28,(anonymous_1)
FN:50,(anonymous_2)
FN:69,(anonymous_3)
FNF:4
FNH:4
FNDA:6,(anonymous_0)
FNDA:10,(anonymous_1)
FNDA:9,(anonymous_2)
FNDA:9,(anonymous_3)
DA:1,8
DA:2,8
DA:3,8
DA:4,8
DA:5,8
DA:6,8
DA:7,8
DA:8,8
DA:12,6
DA:13,6
DA:15,3
DA:16,3
DA:18,1
DA:19,1
DA:21,2
DA:22,2
DA:29,10
DA:30,10
DA:31,10
DA:33,1
DA:34,1
DA:36,3
DA:37,3
DA:39,2
DA:40,2
DA:42,2
DA:43,2
DA:45,2
DA:46,2
DA:51,9
DA:52,9
DA:53,9
DA:55,3
DA:56,2
DA:58,2
DA:59,2
DA:61,2
DA:62,2
DA:64,2
DA:65,2
DA:70,9
DA:71,9
DA:73,2
DA:74,2
DA:76,2
DA:77,2
DA:79,2
DA:80,2
DA:82,2
DA:83,2
DA:85,1
DA:86,0
DA:92,8
LF:53
LH:52
BRDA:13,0,0,3
BRDA:13,0,1,1
BRDA:13,0,2,2
BRDA:31,1,0,1
BRDA:31,1,1,3
BRDA:31,1,2,2
BRDA:31,1,3,2
BRDA:31,1,4,2
BRDA:53,2,0,3
BRDA:53,2,1,2
BRDA:53,2,2,2
BRDA:53,2,3,2
BRDA:71,3,0,2
BRDA:71,3,1,2
BRDA:71,3,2,2
BRDA:71,3,3,2
BRDA:71,3,4,1
BRF:17
BRH:17
end_of_record
TN:
SF:controllers\TaskController.js
FN:7,(anonymous_0)
FN:28,(anonymous_1)
FN:40,(anonymous_2)
FN:51,(anonymous_3)
FN:108,(anonymous_4)
FNF:5
FNH:5
FNDA:3,(anonymous_0)
FNDA:2,(anonymous_1)
FNDA:2,(anonymous_2)
FNDA:3,(anonymous_3)
FNDA:2,(anonymous_4)
DA:1,8
DA:2,8
DA:3,8
DA:8,3
DA:9,3
DA:11,3
DA:15,3
DA:16,2
DA:17,2
DA:18,2
DA:19,1
DA:20,1
DA:21,1
DA:22,0
DA:24,1
DA:29,2
DA:30,2
DA:31,1
DA:32,1
DA:35,1
DA:36,0
DA:37,1
DA:41,2
DA:42,2
DA:43,1
DA:44,1
DA:45,1
DA:46,1
DA:47,0
DA:48,1
DA:52,3
DA:53,3
DA:54,3
DA:55,2
DA:56,2
DA:61,2
DA:63,0
DA:69,0
DA:80,0
DA:85,0
DA:93,0
DA:97,0
DA:101,0
DA:102,0
DA:104,0
DA:109,2
DA:111,2
DA:112,2
DA:116,2
DA:117,1
DA:128,1
DA:129,1
DA:130,0
DA:134,8
LF:54
LH:41
BRDA:15,0,0,2
BRDA:15,0,1,1
BRDA:18,1,0,1
BRDA:18,1,1,1
BRDA:30,2,0,1
BRDA:30,2,1,1
BRDA:42,3,0,1
BRDA:42,3,1,1
BRDA:54,4,0,1
BRDA:54,4,1,2
BRDA:54,5,0,3
BRDA:54,5,1,2
BRDA:61,6,0,2
BRDA:61,6,1,0
BRDA:101,7,0,0
BRDA:101,7,1,0
BRDA:116,8,0,1
BRDA:116,8,1,1
BRF:18
BRH:15
end_of_record
TN:
SF:controllers\UserController.js
FN:5,(anonymous_0)
FNF:1
FNH:1
FNDA:2,(anonymous_0)
DA:1,8
DA:6,2
DA:7,2
DA:8,1
DA:9,1
DA:11,1
DA:12,0
DA:14,1
DA:19,8
LF:9
LH:8
BRDA:7,0,0,1
BRDA:7,0,1,1
BRDA:7,1,0,2
BRDA:7,1,1,1
BRF:4
BRH:4
end_of_record
TN:
SF:models\Board.js
FN:2,(anonymous_0)
FNF:1
FNH:1
FNDA:8,(anonymous_0)
DA:2,8
DA:3,8
DA:16,8
LF:3
LH:3
BRF:0
BRH:0
end_of_record
TN:
SF:models\BoardMember.js
FN:1,(anonymous_0)
FNF:1
FNH:1
FNDA:8,(anonymous_0)
DA:1,8
DA:2,8
DA:30,8
LF:3
LH:3
BRF:0
BRH:0
end_of_record
TN:
SF:models\FileTask.js
FN:2,(anonymous_0)
FNF:1
FNH:1
FNDA:8,(anonymous_0)
DA:2,8
DA:3,8
DA:17,8
LF:3
LH:3
BRF:0
BRH:0
end_of_record
TN:
SF:models\List.js
FN:2,(anonymous_0)
FNF:1
FNH:1
FNDA:8,(anonymous_0)
DA:2,8
DA:3,8
DA:19,8
LF:3
LH:3
BRF:0
BRH:0
end_of_record
TN:
SF:models\Role.js
FN:2,(anonymous_0)
FNF:1
FNH:1
FNDA:8,(anonymous_0)
DA:2,8
DA:3,8
DA:16,8
LF:3
LH:3
BRF:0
BRH:0
end_of_record
TN:
SF:models\Task.js
FN:2,(anonymous_0)
FNF:1
FNH:1
FNDA:8,(anonymous_0)
DA:2,8
DA:3,8
DA:37,8
LF:3
LH:3
BRF:0
BRH:0
end_of_record
TN:
SF:models\TaskAssignment.js
FN:2,(anonymous_0)
FNF:1
FNH:1
FNDA:8,(anonymous_0)
DA:2,8
DA:3,8
DA:32,8
LF:3
LH:3
BRF:0
BRH:0
end_of_record
TN:
SF:models\User.js
FN:3,(anonymous_0)
FNF:1
FNH:1
FNDA:8,(anonymous_0)
DA:1,8
DA:3,8
DA:4,8
DA:35,8
LF:4
LH:4
BRF:0
BRH:0
end_of_record
TN:
SF:routes\index.js
FNF:0
FNH:0
DA:1,8
DA:2,8
DA:3,8
DA:5,8
DA:8,8
LF:5
LH:5
BRF:0
BRH:0
end_of_record
TN:
SF:routes\routes.js
FN:15,(anonymous_0)
FN:21,(anonymous_1)
FNF:2
FNH:2
FNDA:1,(anonymous_0)
FNDA:1,(anonymous_1)
DA:1,8
DA:2,8
DA:3,8
DA:4,8
DA:5,8
DA:6,8
DA:7,8
DA:8,8
DA:9,8
DA:10,8
DA:11,8
DA:13,8
DA:14,8
DA:16,1
DA:17,1
DA:18,1
DA:19,1
DA:22,1
DA:24,1
DA:28,8
DA:30,8
DA:31,8
DA:32,8
DA:34,8
DA:35,8
DA:37,8
DA:38,8
DA:39,8
DA:41,8
DA:42,8
DA:44,8
DA:45,8
DA:47,8
LF:33
LH:33
BRDA:18,0,0,0
BRDA:18,0,1,1
BRF:2
BRH:1
end_of_record
