TN:
SF:server.js
FN:21,(anonymous_0)
FN:24,(anonymous_1)
FNF:2
FNH:1
FNDA:4,(anonymous_0)
FNDA:0,(anonymous_1)
DA:1,16
DA:2,16
DA:3,16
DA:4,16
DA:5,16
DA:6,16
DA:7,16
DA:8,16
DA:9,16
DA:12,16
DA:13,16
DA:14,16
DA:15,16
DA:16,16
DA:17,16
DA:19,16
DA:21,16
DA:22,4
DA:24,0
DA:26,16
LF:20
LH:19
BRF:0
BRH:0
end_of_record
TN:
SF:config\db.js
FNF:0
FNH:0
DA:1,16
DA:3,16
DA:9,16
DA:11,16
DA:12,16
DA:13,16
DA:14,16
DA:15,16
DA:16,16
DA:17,16
DA:18,16
DA:21,16
DA:22,16
DA:25,16
DA:26,16
DA:29,16
DA:30,16
DA:33,16
DA:34,16
DA:35,16
DA:36,16
DA:37,16
DA:38,16
DA:42,16
DA:43,16
DA:46,16
DA:47,16
DA:49,16
DA:50,16
DA:53,16
DA:54,16
DA:57,16
DA:58,16
DA:61,16
DA:62,16
DA:65,16
DA:66,16
DA:68,16
DA:69,16
DA:76,16
LF:40
LH:40
BRF:0
BRH:0
end_of_record
TN:
SF:config\passport.js
FN:12,(anonymous_0)
FNF:1
FNH:1
FNDA:73,(anonymous_0)
DA:1,16
DA:2,16
DA:3,16
DA:6,16
DA:11,16
DA:13,73
DA:14,73
DA:15,73
DA:17,0
LF:9
LH:8
BRDA:15,0,0,73
BRDA:15,0,1,0
BRF:2
BRH:1
end_of_record
TN:
SF:controllers\AssignmentController.js
FN:4,(anonymous_0)
FN:14,(anonymous_1)
FNF:2
FNH:2
FNDA:2,(anonymous_0)
FNDA:2,(anonymous_1)
DA:1,16
DA:5,2
DA:6,2
DA:7,1
DA:8,1
DA:9,1
DA:10,0
DA:11,1
DA:15,2
DA:16,2
DA:17,1
DA:18,1
DA:19,1
DA:20,0
DA:21,1
DA:24,16
LF:16
LH:14
BRDA:6,0,0,1
BRDA:6,0,1,1
BRDA:6,1,0,2
BRDA:6,1,1,1
BRDA:16,2,0,1
BRDA:16,2,1,1
BRF:6
BRH:6
end_of_record
TN:
SF:controllers\AuthController.js
FN:8,(anonymous_0)
FN:30,(anonymous_1)
FNF:2
FNH:2
FNDA:7,(anonymous_0)
FNDA:8,(anonymous_1)
DA:1,16
DA:2,16
DA:3,16
DA:4,16
DA:5,16
DA:9,7
DA:10,7
DA:11,7
DA:12,2
DA:15,5
DA:16,2
DA:19,3
DA:22,3
DA:24,2
DA:26,2
DA:27,0
DA:31,8
DA:32,8
DA:33,8
DA:34,8
DA:35,2
DA:38,6
DA:39,5
DA:40,2
DA:43,3
DA:48,3
DA:50,3
DA:51,1
DA:55,16
LF:29
LH:28
BRDA:11,0,0,2
BRDA:11,0,1,5
BRDA:11,1,0,7
BRDA:11,1,1,6
BRDA:11,1,2,5
BRDA:15,2,0,2
BRDA:15,2,1,3
BRDA:22,3,0,1
BRDA:22,3,1,2
BRDA:34,4,0,2
BRDA:34,4,1,6
BRDA:39,5,0,2
BRDA:39,5,1,3
BRDA:48,6,0,0
BRDA:48,6,1,3
BRF:15
BRH:14
end_of_record
TN:
SF:controllers\BoardController.js
FN:5,(anonymous_0)
FN:21,(anonymous_1)
FN:40,(anonymous_2)
FN:51,(anonymous_3)
FNF:4
FNH:4
FNDA:4,(anonymous_0)
FNDA:5,(anonymous_1)
FNDA:5,(anonymous_2)
FNDA:4,(anonymous_3)
DA:1,16
DA:2,16
DA:6,4
DA:7,4
DA:10,4
DA:11,2
DA:15,2
DA:17,2
DA:22,5
DA:23,5
DA:24,4
DA:28,4
DA:29,2
DA:30,2
DA:34,2
DA:36,2
DA:41,5
DA:42,5
DA:43,5
DA:44,5
DA:47,3
DA:48,3
DA:52,4
DA:53,4
DA:54,4
DA:57,3
DA:60,3
DA:61,1
DA:65,16
LF:29
LH:29
BRDA:10,0,0,2
BRDA:10,0,1,2
BRDA:15,1,0,2
BRDA:15,1,1,0
BRDA:23,2,0,1
BRDA:23,2,1,4
BRDA:28,3,0,2
BRDA:28,3,1,2
BRDA:42,4,0,1
BRDA:42,4,1,4
BRF:10
BRH:9
end_of_record
TN:
SF:controllers\FilesTaskController.js
FN:7,(anonymous_0)
FN:19,(anonymous_1)
FN:30,(anonymous_2)
FN:42,(anonymous_3)
FN:48,(anonymous_4)
FNF:5
FNH:4
FNDA:3,(anonymous_0)
FNDA:1,(anonymous_1)
FNDA:3,(anonymous_2)
FNDA:2,(anonymous_3)
FNDA:0,(anonymous_4)
DA:1,16
DA:2,16
DA:3,16
DA:4,16
DA:8,3
DA:10,3
DA:11,1
DA:13,2
DA:14,2
DA:15,2
DA:16,0
DA:20,1
DA:21,1
DA:22,1
DA:23,1
DA:24,1
DA:26,0
DA:31,3
DA:32,3
DA:33,2
DA:34,2
DA:38,2
DA:39,0
DA:43,2
DA:44,2
DA:48,0
DA:50,1
DA:51,1
DA:52,1
DA:53,1
DA:54,0
DA:59,16
LF:32
LH:27
BRDA:10,0,0,1
BRDA:10,0,1,2
BRDA:32,1,0,1
BRDA:32,1,1,2
BRF:4
BRH:4
end_of_record
TN:
SF:controllers\ListController.js
FN:3,(anonymous_0)
FN:7,(anonymous_1)
FN:10,(anonymous_2)
FN:21,(anonymous_3)
FNF:4
FNH:4
FNDA:2,(anonymous_0)
FNDA:1,(anonymous_1)
FNDA:4,(anonymous_2)
FNDA:4,(anonymous_3)
DA:1,16
DA:4,2
DA:5,2
DA:7,1
DA:11,4
DA:12,4
DA:13,2
DA:14,2
DA:16,2
DA:17,0
DA:18,2
DA:22,4
DA:23,4
DA:24,2
DA:25,2
DA:27,2
DA:28,0
DA:29,2
DA:32,16
LF:19
LH:17
BRDA:12,0,0,2
BRDA:12,0,1,2
BRDA:23,1,0,2
BRDA:23,1,1,2
BRF:4
BRH:4
end_of_record
TN:
SF:controllers\MemberController.js
FN:5,(anonymous_0)
FN:15,(anonymous_1)
FNF:2
FNH:2
FNDA:2,(anonymous_0)
FNDA:2,(anonymous_1)
DA:1,16
DA:6,2
DA:7,2
DA:8,1
DA:9,1
DA:10,1
DA:11,0
DA:12,1
DA:16,2
DA:17,2
DA:18,1
DA:19,1
DA:20,1
DA:21,0
DA:22,1
DA:27,16
LF:16
LH:14
BRDA:7,0,0,1
BRDA:7,0,1,1
BRDA:7,1,0,2
BRDA:7,1,1,1
BRDA:17,2,0,1
BRDA:17,2,1,1
BRF:6
BRH:6
end_of_record
TN:
SF:controllers\TaskActions.js
FN:11,(anonymous_0)
FN:28,(anonymous_1)
FN:50,(anonymous_2)
FN:69,(anonymous_3)
FNF:4
FNH:4
FNDA:11,(anonymous_0)
FNDA:15,(anonymous_1)
FNDA:16,(anonymous_2)
FNDA:14,(anonymous_3)
DA:1,16
DA:2,16
DA:3,16
DA:4,16
DA:5,16
DA:6,16
DA:7,16
DA:8,16
DA:12,11
DA:13,11
DA:15,7
DA:16,7
DA:18,1
DA:19,1
DA:21,3
DA:22,3
DA:29,15
DA:30,15
DA:31,15
DA:33,2
DA:34,2
DA:36,6
DA:37,6
DA:39,2
DA:40,2
DA:42,2
DA:43,2
DA:45,3
DA:46,3
DA:51,16
DA:52,16
DA:53,16
DA:55,5
DA:56,4
DA:58,4
DA:59,4
DA:61,5
DA:62,5
DA:64,2
DA:65,2
DA:70,14
DA:71,14
DA:73,2
DA:74,2
DA:76,2
DA:77,2
DA:79,4
DA:80,4
DA:82,4
DA:83,4
DA:85,2
DA:86,1
DA:92,16
LF:53
LH:53
BRDA:13,0,0,7
BRDA:13,0,1,1
BRDA:13,0,2,3
BRDA:31,1,0,2
BRDA:31,1,1,6
BRDA:31,1,2,2
BRDA:31,1,3,2
BRDA:31,1,4,3
BRDA:53,2,0,5
BRDA:53,2,1,4
BRDA:53,2,2,5
BRDA:53,2,3,2
BRDA:71,3,0,2
BRDA:71,3,1,2
BRDA:71,3,2,4
BRDA:71,3,3,4
BRDA:71,3,4,2
BRF:17
BRH:17
end_of_record
TN:
SF:controllers\TaskController.js
FN:7,(anonymous_0)
FN:28,(anonymous_1)
FN:40,(anonymous_2)
FN:51,(anonymous_3)
FN:108,(anonymous_4)
FNF:5
FNH:5
FNDA:6,(anonymous_0)
FNDA:5,(anonymous_1)
FNDA:4,(anonymous_2)
FNDA:7,(anonymous_3)
FNDA:4,(anonymous_4)
DA:1,16
DA:2,16
DA:3,16
DA:8,6
DA:9,6
DA:11,6
DA:15,6
DA:16,4
DA:17,4
DA:18,4
DA:19,2
DA:20,2
DA:21,2
DA:22,0
DA:24,2
DA:29,5
DA:30,5
DA:31,3
DA:32,3
DA:35,2
DA:36,1
DA:37,2
DA:41,4
DA:42,4
DA:43,2
DA:44,2
DA:45,2
DA:46,2
DA:47,0
DA:48,2
DA:52,7
DA:53,7
DA:54,7
DA:55,6
DA:56,6
DA:61,5
DA:63,2
DA:69,2
DA:80,2
DA:85,2
DA:93,2
DA:97,2
DA:101,2
DA:102,1
DA:104,1
DA:109,4
DA:111,4
DA:112,4
DA:116,4
DA:117,2
DA:128,2
DA:129,2
DA:130,0
DA:134,16
LF:54
LH:51
BRDA:15,0,0,4
BRDA:15,0,1,2
BRDA:18,1,0,2
BRDA:18,1,1,2
BRDA:30,2,0,3
BRDA:30,2,1,2
BRDA:42,3,0,2
BRDA:42,3,1,2
BRDA:54,4,0,1
BRDA:54,4,1,6
BRDA:54,5,0,7
BRDA:54,5,1,6
BRDA:61,6,0,3
BRDA:61,6,1,2
BRDA:101,7,0,1
BRDA:101,7,1,1
BRDA:116,8,0,2
BRDA:116,8,1,2
BRF:18
BRH:18
end_of_record
TN:
SF:controllers\UserController.js
FN:5,(anonymous_0)
FNF:1
FNH:1
FNDA:2,(anonymous_0)
DA:1,16
DA:6,2
DA:7,2
DA:8,1
DA:9,1
DA:11,1
DA:12,0
DA:14,1
DA:19,16
LF:9
LH:8
BRDA:7,0,0,1
BRDA:7,0,1,1
BRDA:7,1,0,2
BRDA:7,1,1,1
BRF:4
BRH:4
end_of_record
TN:
SF:models\Board.js
FN:2,(anonymous_0)
FNF:1
FNH:1
FNDA:16,(anonymous_0)
DA:2,16
DA:3,16
DA:16,16
LF:3
LH:3
BRF:0
BRH:0
end_of_record
TN:
SF:models\BoardMember.js
FN:1,(anonymous_0)
FNF:1
FNH:1
FNDA:16,(anonymous_0)
DA:1,16
DA:2,16
DA:30,16
LF:3
LH:3
BRF:0
BRH:0
end_of_record
TN:
SF:models\FileTask.js
FN:2,(anonymous_0)
FNF:1
FNH:1
FNDA:16,(anonymous_0)
DA:2,16
DA:3,16
DA:17,16
LF:3
LH:3
BRF:0
BRH:0
end_of_record
TN:
SF:models\List.js
FN:2,(anonymous_0)
FNF:1
FNH:1
FNDA:16,(anonymous_0)
DA:2,16
DA:3,16
DA:19,16
LF:3
LH:3
BRF:0
BRH:0
end_of_record
TN:
SF:models\Role.js
FN:2,(anonymous_0)
FNF:1
FNH:1
FNDA:16,(anonymous_0)
DA:2,16
DA:3,16
DA:16,16
LF:3
LH:3
BRF:0
BRH:0
end_of_record
TN:
SF:models\Task.js
FN:2,(anonymous_0)
FNF:1
FNH:1
FNDA:16,(anonymous_0)
DA:2,16
DA:3,16
DA:37,16
LF:3
LH:3
BRF:0
BRH:0
end_of_record
TN:
SF:models\TaskAssignment.js
FN:2,(anonymous_0)
FNF:1
FNH:1
FNDA:16,(anonymous_0)
DA:2,16
DA:3,16
DA:32,16
LF:3
LH:3
BRF:0
BRH:0
end_of_record
TN:
SF:models\User.js
FN:3,(anonymous_0)
FNF:1
FNH:1
FNDA:16,(anonymous_0)
DA:1,16
DA:3,16
DA:4,16
DA:35,16
LF:4
LH:4
BRF:0
BRH:0
end_of_record
TN:
SF:routes\index.js
FNF:0
FNH:0
DA:1,16
DA:2,16
DA:3,16
DA:5,16
DA:8,16
LF:5
LH:5
BRF:0
BRH:0
end_of_record
TN:
SF:routes\routes.js
FN:15,(anonymous_0)
FN:21,(anonymous_1)
FNF:2
FNH:2
FNDA:2,(anonymous_0)
FNDA:2,(anonymous_1)
DA:1,16
DA:2,16
DA:3,16
DA:4,16
DA:5,16
DA:6,16
DA:7,16
DA:8,16
DA:9,16
DA:10,16
DA:11,16
DA:13,16
DA:14,16
DA:16,2
DA:17,2
DA:18,2
DA:19,2
DA:22,2
DA:24,2
DA:28,16
DA:30,16
DA:31,16
DA:32,16
DA:34,16
DA:35,16
DA:37,16
DA:38,16
DA:39,16
DA:41,16
DA:42,16
DA:44,16
DA:45,16
DA:47,16
LF:33
LH:33
BRDA:18,0,0,0
BRDA:18,0,1,2
BRF:2
BRH:1
end_of_record
